<?xml version="1.0" encoding="UTF-8"?>
<!-- Generated by org.testng.reporters.JUnitReportReporter -->
<testsuite hostname="Lenovo-X220" failures="0" tests="2" name="com.rs.testng.TestEmployeeDetails" time="0.036" errors="0" timestamp="2020-11-19T15:18:57 EST" skipped="0">
  <testcase classname="com.rs.testng.TestEmployeeDetails" name="testCalculateAppraisal" time="0.033"/>
  <system-out/>
  <testcase classname="com.rs.testng.TestEmployeeDetails" name="testCalculateYearlySalary" time="0.003"/>
  <system-out/>
</testsuite> <!-- com.rs.testng.TestEmployeeDetails -->
